This is pdfTeX, Version 3.141592653-2.6-1.40.23 (TeX Live 2022/dev) (preloaded format=pdflatex 2021.9.20)  20 SEP 2021 13:12
entering extended mode
 restricted \write18 enabled.
 %&-line parsing enabled.
**BF_Analyses_4_final.tex
(./BF_Analyses_4_final.tex
LaTeX2e <2021-06-01> patch level 1
L3 programming layer <2021-08-27> (/Users/pablogomez/Library/TinyTeX/texmf-dist
/tex/latex/base/article.cls
Document Class: article 2021/02/12 v1.4n Standard LaTeX document class
(/Users/pablogomez/Library/TinyTeX/texmf-dist/tex/latex/base/size10.clo
File: size10.clo 2021/02/12 v1.4n Standard LaTeX file (size option)
)
\c@part=\count182
\c@section=\count183
\c@subsection=\count184
\c@subsubsection=\count185
\c@paragraph=\count186
\c@subparagraph=\count187
\c@figure=\count188
\c@table=\count189
\abovecaptionskip=\skip47
\belowcaptionskip=\skip48
\bibindent=\dimen138
) (/Users/pablogomez/Library/TinyTeX/texmf-dist/tex/latex/lm/lmodern.sty
Package: lmodern 2015/05/01 v1.6.1 Latin Modern Fonts
LaTeX Font Info:    Overwriting symbol font `operators' in version `normal'
(Font)                  OT1/cmr/m/n --> OT1/lmr/m/n on input line 22.
LaTeX Font Info:    Overwriting symbol font `letters' in version `normal'
(Font)                  OML/cmm/m/it --> OML/lmm/m/it on input line 23.
LaTeX Font Info:    Overwriting symbol font `symbols' in version `normal'
(Font)                  OMS/cmsy/m/n --> OMS/lmsy/m/n on input line 24.
LaTeX Font Info:    Overwriting symbol font `largesymbols' in version `normal'
(Font)                  OMX/cmex/m/n --> OMX/lmex/m/n on input line 25.
LaTeX Font Info:    Overwriting symbol font `operators' in version `bold'
(Font)                  OT1/cmr/bx/n --> OT1/lmr/bx/n on input line 26.
LaTeX Font Info:    Overwriting symbol font `letters' in version `bold'
(Font)                  OML/cmm/b/it --> OML/lmm/b/it on input line 27.
LaTeX Font Info:    Overwriting symbol font `symbols' in version `bold'
(Font)                  OMS/cmsy/b/n --> OMS/lmsy/b/n on input line 28.
LaTeX Font Info:    Overwriting symbol font `largesymbols' in version `bold'
(Font)                  OMX/cmex/m/n --> OMX/lmex/m/n on input line 29.
LaTeX Font Info:    Overwriting math alphabet `\mathbf' in version `normal'
(Font)                  OT1/cmr/bx/n --> OT1/lmr/bx/n on input line 31.
LaTeX Font Info:    Overwriting math alphabet `\mathsf' in version `normal'
(Font)                  OT1/cmss/m/n --> OT1/lmss/m/n on input line 32.
LaTeX Font Info:    Overwriting math alphabet `\mathit' in version `normal'
(Font)                  OT1/cmr/m/it --> OT1/lmr/m/it on input line 33.
LaTeX Font Info:    Overwriting math alphabet `\mathtt' in version `normal'
(Font)                  OT1/cmtt/m/n --> OT1/lmtt/m/n on input line 34.
LaTeX Font Info:    Overwriting math alphabet `\mathbf' in version `bold'
(Font)                  OT1/cmr/bx/n --> OT1/lmr/bx/n on input line 35.
LaTeX Font Info:    Overwriting math alphabet `\mathsf' in version `bold'
(Font)                  OT1/cmss/bx/n --> OT1/lmss/bx/n on input line 36.
LaTeX Font Info:    Overwriting math alphabet `\mathit' in version `bold'
(Font)                  OT1/cmr/bx/it --> OT1/lmr/bx/it on input line 37.
LaTeX Font Info:    Overwriting math alphabet `\mathtt' in version `bold'
(Font)                  OT1/cmtt/m/n --> OT1/lmtt/m/n on input line 38.
) (/Users/pablogomez/Library/TinyTeX/texmf-dist/tex/latex/amsfonts/amssymb.sty
Package: amssymb 2013/01/14 v3.01 AMS font symbols
(/Users/pablogomez/Library/TinyTeX/texmf-dist/tex/latex/amsfonts/amsfonts.sty
Package: amsfonts 2013/01/14 v3.01 Basic AMSFonts support
\@emptytoks=\toks16
\symAMSa=\mathgroup4
\symAMSb=\mathgroup5
LaTeX Font Info:    Redeclaring math symbol \hbar on input line 98.
LaTeX Font Info:    Overwriting math alphabet `\mathfrak' in version `bold'
(Font)                  U/euf/m/n --> U/euf/b/n on input line 106.
)) (/Users/pablogomez/Library/TinyTeX/texmf-dist/tex/latex/amsmath/amsmath.sty
Package: amsmath 2021/04/20 v2.17j AMS math features
\@mathmargin=\skip49
For additional information on amsmath, use the `?' option.
(/Users/pablogomez/Library/TinyTeX/texmf-dist/tex/latex/amsmath/amstext.sty
Package: amstext 2000/06/29 v2.01 AMS text
(/Users/pablogomez/Library/TinyTeX/texmf-dist/tex/latex/amsmath/amsgen.sty
File: amsgen.sty 1999/11/30 v2.0 generic functions
\@emptytoks=\toks17
\ex@=\dimen139
)) (/Users/pablogomez/Library/TinyTeX/texmf-dist/tex/latex/amsmath/amsbsy.sty
Package: amsbsy 1999/11/29 v1.2d Bold Symbols
\pmbraise@=\dimen140
) (/Users/pablogomez/Library/TinyTeX/texmf-dist/tex/latex/amsmath/amsopn.sty
Package: amsopn 2016/03/08 v2.02 operator names
)
\inf@bad=\count190
LaTeX Info: Redefining \frac on input line 234.
\uproot@=\count191
\leftroot@=\count192
LaTeX Info: Redefining \overline on input line 399.
\classnum@=\count193
\DOTSCASE@=\count194
LaTeX Info: Redefining \ldots on input line 496.
LaTeX Info: Redefining \dots on input line 499.
LaTeX Info: Redefining \cdots on input line 620.
\Mathstrutbox@=\box50
\strutbox@=\box51
\big@size=\dimen141
LaTeX Font Info:    Redeclaring font encoding OML on input line 743.
LaTeX Font Info:    Redeclaring font encoding OMS on input line 744.
\macc@depth=\count195
\c@MaxMatrixCols=\count196
\dotsspace@=\muskip16
\c@parentequation=\count197
\dspbrk@lvl=\count198
\tag@help=\toks18
\row@=\count199
\column@=\count266
\maxfields@=\count267
\andhelp@=\toks19
\eqnshift@=\dimen142
\alignsep@=\dimen143
\tagshift@=\dimen144
\tagwidth@=\dimen145
\totwidth@=\dimen146
\lineht@=\dimen147
\@envbody=\toks20
\multlinegap=\skip50
\multlinetaggap=\skip51
\mathdisplay@stack=\toks21
LaTeX Info: Redefining \[ on input line 2923.
LaTeX Info: Redefining \] on input line 2924.
) (/Users/pablogomez/Library/TinyTeX/texmf-dist/tex/generic/iftex/ifxetex.sty
Package: ifxetex 2019/10/25 v0.7 ifxetex legacy package. Use iftex instead.
(/Users/pablogomez/Library/TinyTeX/texmf-dist/tex/generic/iftex/iftex.sty
Package: iftex 2020/03/06 v1.0d TeX engine tests
)) (/Users/pablogomez/Library/TinyTeX/texmf-dist/tex/generic/iftex/ifluatex.sty
Package: ifluatex 2019/10/25 v1.5 ifluatex legacy package. Use iftex instead.
) (/Users/pablogomez/Library/TinyTeX/texmf-dist/tex/latex/base/fixltx2e.sty
Package: fixltx2e 2016/12/29 v2.1a fixes to LaTeX (obsolete)
Applying: [2015/01/01] Old fixltx2e package on input line 46.

Package fixltx2e Warning: fixltx2e is not required with releases after 2015
(fixltx2e)                All fixes are now in the LaTeX kernel.
(fixltx2e)                See the latexrelease package for details.

Already applied: [0000/00/00] Old fixltx2e package on input line 53.
) (/Users/pablogomez/Library/TinyTeX/texmf-dist/tex/latex/base/fontenc.sty
Package: fontenc 2021/04/29 v2.0v Standard LaTeX package
LaTeX Font Info:    Trying to load font information for T1+lmr on input line 11
2.
(/Users/pablogomez/Library/TinyTeX/texmf-dist/tex/latex/lm/t1lmr.fd
File: t1lmr.fd 2015/05/01 v1.6.1 Font defs for Latin Modern
)) (/Users/pablogomez/Library/TinyTeX/texmf-dist/tex/latex/base/inputenc.sty
Package: inputenc 2021/02/14 v1.3d Input encoding file
\inpenc@prehook=\toks22
\inpenc@posthook=\toks23
) (/Users/pablogomez/Library/TinyTeX/texmf-dist/tex/latex/base/textcomp.sty
Package: textcomp 2020/02/02 v2.0n Standard LaTeX package
)
(/Users/pablogomez/Library/TinyTeX/texmf-dist/tex/latex/microtype/microtype.sty
Package: microtype 2021/03/14 v2.8c Micro-typographical refinements (RS)
(/Users/pablogomez/Library/TinyTeX/texmf-dist/tex/latex/graphics/keyval.sty
Package: keyval 2014/10/28 v1.15 key=value parser (DPC)
\KV@toks@=\toks24
)
\MT@toks=\toks25
\MT@count=\count268
LaTeX Info: Redefining \textls on input line 790.
\MT@outer@kern=\dimen148
LaTeX Info: Redefining \textmicrotypecontext on input line 1374.
\MT@listname@count=\count269

(/Users/pablogomez/Library/TinyTeX/texmf-dist/tex/latex/microtype/microtype-pdf
tex.def
File: microtype-pdftex.def 2021/03/14 v2.8c Definitions specific to pdftex (RS)

LaTeX Info: Redefining \lsstyle on input line 915.
LaTeX Info: Redefining \lslig on input line 915.
\MT@outer@space=\skip52
)
Package microtype Info: Loading configuration file microtype.cfg.

(/Users/pablogomez/Library/TinyTeX/texmf-dist/tex/latex/microtype/microtype.cfg
File: microtype.cfg 2021/03/14 v2.8c microtype main configuration file (RS)
)) (/Users/pablogomez/Library/TinyTeX/texmf-dist/tex/latex/parskip/parskip.sty
Package: parskip 2021-03-14 v2.0h non-zero parskip adjustments

(/Users/pablogomez/Library/TinyTeX/texmf-dist/tex/latex/kvoptions/kvoptions.sty
Package: kvoptions 2020-10-07 v3.14 Key value format for package options (HO)
(/Users/pablogomez/Library/TinyTeX/texmf-dist/tex/generic/ltxcmds/ltxcmds.sty
Package: ltxcmds 2020-05-10 v1.25 LaTeX kernel commands for general use (HO)
)
(/Users/pablogomez/Library/TinyTeX/texmf-dist/tex/generic/kvsetkeys/kvsetkeys.s
ty
Package: kvsetkeys 2019/12/15 v1.18 Key value parser (HO)
)) (/Users/pablogomez/Library/TinyTeX/texmf-dist/tex/latex/etoolbox/etoolbox.st
y
Package: etoolbox 2020/10/05 v2.5k e-TeX tools for LaTeX (JAW)
\etb@tempcnta=\count270
)) (/Users/pablogomez/Library/TinyTeX/texmf-dist/tex/latex/hyperref/hyperref.st
y
Package: hyperref 2021-06-07 v7.00m Hypertext links for LaTeX

(/Users/pablogomez/Library/TinyTeX/texmf-dist/tex/generic/pdftexcmds/pdftexcmds
.sty
Package: pdftexcmds 2020-06-27 v0.33 Utility functions of pdfTeX for LuaTeX (HO
)

(/Users/pablogomez/Library/TinyTeX/texmf-dist/tex/generic/infwarerr/infwarerr.s
ty
Package: infwarerr 2019/12/03 v1.5 Providing info/warning/error messages (HO)
)
Package pdftexcmds Info: \pdf@primitive is available.
Package pdftexcmds Info: \pdf@ifprimitive is available.
Package pdftexcmds Info: \pdfdraftmode found.
)
(/Users/pablogomez/Library/TinyTeX/texmf-dist/tex/generic/kvdefinekeys/kvdefine
keys.sty
Package: kvdefinekeys 2019-12-19 v1.6 Define keys (HO)
)
(/Users/pablogomez/Library/TinyTeX/texmf-dist/tex/generic/pdfescape/pdfescape.s
ty
Package: pdfescape 2019/12/09 v1.15 Implements pdfTeX's escape features (HO)
) (/Users/pablogomez/Library/TinyTeX/texmf-dist/tex/latex/hycolor/hycolor.sty
Package: hycolor 2020-01-27 v1.10 Color options for hyperref/bookmark (HO)
)
(/Users/pablogomez/Library/TinyTeX/texmf-dist/tex/latex/letltxmacro/letltxmacro
.sty
Package: letltxmacro 2019/12/03 v1.6 Let assignment for LaTeX macros (HO)
) (/Users/pablogomez/Library/TinyTeX/texmf-dist/tex/latex/auxhook/auxhook.sty
Package: auxhook 2019-12-17 v1.6 Hooks for auxiliary files (HO)
)
\@linkdim=\dimen149
\Hy@linkcounter=\count271
\Hy@pagecounter=\count272
(/Users/pablogomez/Library/TinyTeX/texmf-dist/tex/latex/hyperref/pd1enc.def
File: pd1enc.def 2021-06-07 v7.00m Hyperref: PDFDocEncoding definition (HO)
Now handling font encoding PD1 ...
... no UTF-8 mapping file for font encoding PD1
)
(/Users/pablogomez/Library/TinyTeX/texmf-dist/tex/latex/hyperref/hyperref-langp
atches.def
File: hyperref-langpatches.def 2021-06-07 v7.00m Hyperref: patches for babel la
nguages
) (/Users/pablogomez/Library/TinyTeX/texmf-dist/tex/generic/intcalc/intcalc.sty
Package: intcalc 2019/12/15 v1.3 Expandable calculations with integers (HO)
)
(/Users/pablogomez/Library/TinyTeX/texmf-dist/tex/generic/etexcmds/etexcmds.sty
Package: etexcmds 2019/12/15 v1.7 Avoid name clashes with e-TeX commands (HO)
)
\Hy@SavedSpaceFactor=\count273
(/Users/pablogomez/Library/TinyTeX/texmf-dist/tex/latex/hyperref/puenc.def
File: puenc.def 2021-06-07 v7.00m Hyperref: PDF Unicode definition (HO)
Now handling font encoding PU ...
... no UTF-8 mapping file for font encoding PU
)
Package hyperref Info: Option `unicode' set `true' on input line 4073.
Package hyperref Info: Hyper figures OFF on input line 4192.
Package hyperref Info: Link nesting OFF on input line 4197.
Package hyperref Info: Hyper index ON on input line 4200.
Package hyperref Info: Plain pages OFF on input line 4207.
Package hyperref Info: Backreferencing OFF on input line 4212.
Package hyperref Info: Implicit mode ON; LaTeX internals redefined.
Package hyperref Info: Bookmarks ON on input line 4445.
\c@Hy@tempcnt=\count274
(/Users/pablogomez/Library/TinyTeX/texmf-dist/tex/latex/url/url.sty
\Urlmuskip=\muskip17
Package: url 2013/09/16  ver 3.4  Verb mode for urls, etc.
)
LaTeX Info: Redefining \url on input line 4804.
\XeTeXLinkMargin=\dimen150
(/Users/pablogomez/Library/TinyTeX/texmf-dist/tex/generic/bitset/bitset.sty
Package: bitset 2019/12/09 v1.3 Handle bit-vector datatype (HO)

(/Users/pablogomez/Library/TinyTeX/texmf-dist/tex/generic/bigintcalc/bigintcalc
.sty
Package: bigintcalc 2019/12/15 v1.5 Expandable calculations on big integers (HO
)
))
\Fld@menulength=\count275
\Field@Width=\dimen151
\Fld@charsize=\dimen152
Package hyperref Info: Hyper figures OFF on input line 6076.
Package hyperref Info: Link nesting OFF on input line 6081.
Package hyperref Info: Hyper index ON on input line 6084.
Package hyperref Info: backreferencing OFF on input line 6091.
Package hyperref Info: Link coloring OFF on input line 6096.
Package hyperref Info: Link coloring with OCG OFF on input line 6101.
Package hyperref Info: PDF/A mode OFF on input line 6106.
LaTeX Info: Redefining \ref on input line 6146.
LaTeX Info: Redefining \pageref on input line 6150.
(/Users/pablogomez/Library/TinyTeX/texmf-dist/tex/latex/base/atbegshi-ltx.sty
Package: atbegshi-ltx 2021/01/10 v1.0c Emulation of the original atbegshi
package with kernel methods
)
\Hy@abspage=\count276
\c@Item=\count277
\c@Hfootnote=\count278
)
Package hyperref Info: Driver (autodetected): hpdftex.
(/Users/pablogomez/Library/TinyTeX/texmf-dist/tex/latex/hyperref/hpdftex.def
File: hpdftex.def 2021-06-07 v7.00m Hyperref driver for pdfTeX
(/Users/pablogomez/Library/TinyTeX/texmf-dist/tex/latex/base/atveryend-ltx.sty
Package: atveryend-ltx 2020/08/19 v1.0a Emulation of the original atvery packag
e
with kernel methods
)
\Fld@listcount=\count279
\c@bookmark@seq@number=\count280

(/Users/pablogomez/Library/TinyTeX/texmf-dist/tex/latex/rerunfilecheck/rerunfil
echeck.sty
Package: rerunfilecheck 2019/12/05 v1.9 Rerun checks for auxiliary files (HO)

(/Users/pablogomez/Library/TinyTeX/texmf-dist/tex/generic/uniquecounter/uniquec
ounter.sty
Package: uniquecounter 2019/12/15 v1.4 Provide unlimited unique counter (HO)
)
Package uniquecounter Info: New unique counter `rerunfilecheck' on input line 2
86.
)
\Hy@SectionHShift=\skip53
)
Package hyperref Info: Option `breaklinks' set `true' on input line 35.
(/Users/pablogomez/Library/TinyTeX/texmf-dist/tex/latex/geometry/geometry.sty
Package: geometry 2020/01/02 v5.9 Page Geometry
(/Users/pablogomez/Library/TinyTeX/texmf-dist/tex/generic/iftex/ifvtex.sty
Package: ifvtex 2019/10/25 v1.7 ifvtex legacy package. Use iftex instead.
)
\Gm@cnth=\count281
\Gm@cntv=\count282
\c@Gm@tempcnt=\count283
\Gm@bindingoffset=\dimen153
\Gm@wd@mp=\dimen154
\Gm@odd@mp=\dimen155
\Gm@even@mp=\dimen156
\Gm@layoutwidth=\dimen157
\Gm@layoutheight=\dimen158
\Gm@layouthoffset=\dimen159
\Gm@layoutvoffset=\dimen160
\Gm@dimlist=\toks26
) (/Users/pablogomez/Library/TinyTeX/texmf-dist/tex/latex/graphics/color.sty
Package: color 2020/02/24 v1.2b Standard LaTeX Color (DPC)
(/Users/pablogomez/Library/TinyTeX/texmf-dist/tex/latex/graphics-cfg/color.cfg
File: color.cfg 2016/01/02 v1.6 sample color configuration
)
Package color Info: Driver file: pdftex.def on input line 149.

(/Users/pablogomez/Library/TinyTeX/texmf-dist/tex/latex/graphics-def/pdftex.def
File: pdftex.def 2020/10/05 v1.2a Graphics/color driver for pdftex
)) (/Users/pablogomez/Library/TinyTeX/texmf-dist/tex/latex/fancyvrb/fancyvrb.st
y
Package: fancyvrb 2021/08/12 v3.8 verbatim text (tvz,hv)
\FV@CodeLineNo=\count284
\FV@InFile=\read2
\FV@TabBox=\box52
\c@FancyVerbLine=\count285
\FV@StepNumber=\count286
\FV@OutFile=\write3
) (/Users/pablogomez/Library/TinyTeX/texmf-dist/tex/latex/framed/framed.sty
Package: framed 2011/10/22 v 0.96: framed or shaded text with page breaks
\OuterFrameSep=\skip54
\fb@frw=\dimen161
\fb@frh=\dimen162
\FrameRule=\dimen163
\FrameSep=\dimen164
) (/Users/pablogomez/Library/TinyTeX/texmf-dist/tex/latex/graphics/graphicx.sty
Package: graphicx 2020/12/05 v1.2c Enhanced LaTeX Graphics (DPC,SPQR)
(/Users/pablogomez/Library/TinyTeX/texmf-dist/tex/latex/graphics/graphics.sty
Package: graphics 2021/03/04 v1.4d Standard LaTeX Graphics (DPC,SPQR)
(/Users/pablogomez/Library/TinyTeX/texmf-dist/tex/latex/graphics/trig.sty
Package: trig 2016/01/03 v1.10 sin cos tan (DPC)
)
(/Users/pablogomez/Library/TinyTeX/texmf-dist/tex/latex/graphics-cfg/graphics.c
fg
File: graphics.cfg 2016/06/04 v1.11 sample graphics configuration
)
Package graphics Info: Driver file: pdftex.def on input line 107.
)
\Gin@req@height=\dimen165
\Gin@req@width=\dimen166
) (/Users/pablogomez/Library/TinyTeX/texmf-dist/tex/latex/grffile/grffile.sty
Package: grffile 2019/11/11 v2.1 Extended file name support for graphics (legac
y)
Package grffile Info: This package is an empty stub for compatibility on input 
line 40.
) (/Users/pablogomez/Library/TinyTeX/texmf-dist/tex/latex/braille/braille.sty
Package: braille 
\brailleunit=\skip55
) (/Users/pablogomez/Library/TinyTeX/texmf-dist/tex/latex/xcolor/xcolor.sty
Package: xcolor 2016/05/11 v2.12 LaTeX color extensions (UK)
(/Users/pablogomez/Library/TinyTeX/texmf-dist/tex/latex/graphics-cfg/color.cfg
File: color.cfg 2016/01/02 v1.6 sample color configuration
)
Package xcolor Info: Driver file: pdftex.def on input line 225.
LaTeX Info: Redefining \color on input line 709.
Package xcolor Info: Model `cmy' substituted by `cmy0' on input line 1348.
Package xcolor Info: Model `hsb' substituted by `rgb' on input line 1352.
Package xcolor Info: Model `RGB' extended on input line 1364.
Package xcolor Info: Model `HTML' substituted by `rgb' on input line 1366.
Package xcolor Info: Model `Hsb' substituted by `hsb' on input line 1367.
Package xcolor Info: Model `tHsb' substituted by `hsb' on input line 1368.
Package xcolor Info: Model `HSB' substituted by `hsb' on input line 1369.
Package xcolor Info: Model `Gray' substituted by `gray' on input line 1370.
Package xcolor Info: Model `wave' substituted by `hsb' on input line 1371.
)
   defining Unicode char U+2212 (decimal 8722)
(/Users/pablogomez/Library/TinyTeX/texmf-dist/tex/latex/booktabs/booktabs.sty
Package: booktabs 2020/01/12 v1.61803398 Publication quality tables
\heavyrulewidth=\dimen167
\lightrulewidth=\dimen168
\cmidrulewidth=\dimen169
\belowrulesep=\dimen170
\belowbottomsep=\dimen171
\aboverulesep=\dimen172
\abovetopsep=\dimen173
\cmidrulesep=\dimen174
\cmidrulekern=\dimen175
\defaultaddspace=\dimen176
\@cmidla=\count287
\@cmidlb=\count288
\@aboverulesep=\dimen177
\@belowrulesep=\dimen178
\@thisruleclass=\count289
\@lastruleclass=\count290
\@thisrulewidth=\dimen179
) (/Users/pablogomez/Library/TinyTeX/texmf-dist/tex/latex/tools/longtable.sty
Package: longtable 2021-05-07 v4.16 Multi-page Table package (DPC)
\LTleft=\skip56
\LTright=\skip57
\LTpre=\skip58
\LTpost=\skip59
\LTchunksize=\count291
\LTcapwidth=\dimen180
\LT@head=\box53
\LT@firsthead=\box54
\LT@foot=\box55
\LT@lastfoot=\box56
\LT@gbox=\box57
\LT@cols=\count292
\LT@rows=\count293
\c@LT@tables=\count294
\c@LT@chunks=\count295
\LT@p@ftn=\toks27
) (/Users/pablogomez/Library/TinyTeX/texmf-dist/tex/latex/tools/array.sty
Package: array 2021/04/20 v2.5e Tabular extension package (FMi)
\col@sep=\dimen181
\ar@mcellbox=\box58
\extrarowheight=\dimen182
\NC@list=\toks28
\extratabsurround=\skip60
\backup@length=\skip61
\ar@cellbox=\box59
) (/Users/pablogomez/Library/TinyTeX/texmf-dist/tex/latex/multirow/multirow.sty
Package: multirow 2021/03/15 v2.8 Span multiple rows of a table
\multirow@colwidth=\skip62
\multirow@cntb=\count296
\multirow@dima=\skip63
\bigstrutjot=\dimen183
) (/Users/pablogomez/Library/TinyTeX/texmf-dist/tex/latex/wrapfig/wrapfig.sty
\wrapoverhang=\dimen184
\WF@size=\dimen185
\c@WF@wrappedlines=\count297
\WF@box=\box60
\WF@everypar=\toks29
Package: wrapfig 2003/01/31  v 3.6
) (/Users/pablogomez/Library/TinyTeX/texmf-dist/tex/latex/float/float.sty
Package: float 2001/11/08 v1.3d Float enhancements (AL)
\c@float@type=\count298
\float@exts=\toks30
\float@box=\box61
\@float@everytoks=\toks31
\@floatcapt=\box62
) (/Users/pablogomez/Library/TinyTeX/texmf-dist/tex/latex/colortbl/colortbl.sty
Package: colortbl 2020/01/04 v1.0e Color table columns (DPC)
\everycr=\toks32
\minrowclearance=\skip64
)
(/Users/pablogomez/Library/TinyTeX/texmf-dist/tex/latex/pdflscape/pdflscape.sty
Package: pdflscape 2019/12/05 v0.12 Display of landscape pages in PDF (HO)
(/Users/pablogomez/Library/TinyTeX/texmf-dist/tex/latex/graphics/lscape.sty
Package: lscape 2020/05/28 v3.02 Landscape Pages (DPC)
)
Package pdflscape Info: Auto-detected driver: pdftex on input line 81.
) (/Users/pablogomez/Library/TinyTeX/texmf-dist/tex/latex/tabu/tabu.sty
Package: tabu 2019/01/11 v2.9 - flexible LaTeX tabulars (FC+tabu-fixed)
(/Users/pablogomez/Library/TinyTeX/texmf-dist/tex/latex/varwidth/varwidth.sty
Package: varwidth 2009/03/30 ver 0.92;  Variable-width minipages
\@vwid@box=\box63
\sift@deathcycles=\count299
\@vwid@loff=\dimen186
\@vwid@roff=\dimen187
)
\c@taburow=\count300
\tabu@nbcols=\count301
\tabu@cnt=\count302
\tabu@Xcol=\count303
\tabu@alloc=\count304
\tabu@nested=\count305
\tabu@target=\dimen188
\tabu@spreadtarget=\dimen189
\tabu@naturalX=\dimen190
\tabucolX=\dimen191
\tabu@Xsum=\dimen192
\extrarowdepth=\dimen193
\abovetabulinesep=\dimen194
\belowtabulinesep=\dimen195
\tabustrutrule=\dimen196
\tabu@thebody=\toks33
\tabu@footnotes=\toks34
\tabu@box=\box64
\tabu@arstrutbox=\box65
\tabu@hleads=\box66
\tabu@vleads=\box67
\tabu@cellskip=\skip65
)
(/Users/pablogomez/Library/TinyTeX/texmf-dist/tex/latex/threeparttable/threepar
ttable.sty
Package: threeparttable 2003/06/13  v 3.0
\@tempboxb=\box68
)
(/Users/pablogomez/Library/TinyTeX/texmf-dist/tex/latex/threeparttablex/threepa
rttablex.sty
Package: threeparttablex 2013/07/23 v0.3 by daleif
(/Users/pablogomez/Library/TinyTeX/texmf-dist/tex/latex/environ/environ.sty
Package: environ 2014/05/04 v0.3 A new way to define environments

(/Users/pablogomez/Library/TinyTeX/texmf-dist/tex/latex/trimspaces/trimspaces.s
ty
Package: trimspaces 2009/09/17 v1.1 Trim spaces around a token list
))
\TPTL@width=\skip66
) (/Users/pablogomez/Library/TinyTeX/texmf-dist/tex/generic/ulem/ulem.sty
\UL@box=\box69
\UL@hyphenbox=\box70
\UL@skip=\skip67
\UL@hook=\toks35
\UL@height=\dimen197
\UL@pe=\count306
\UL@pixel=\dimen198
\ULC@box=\box71
Package: ulem 2019/11/18
\ULdepth=\dimen199
) (/Users/pablogomez/Library/TinyTeX/texmf-dist/tex/latex/makecell/makecell.sty
Package: makecell 2009/08/03 V0.1e Managing of Tab Column Heads and Cells
\rotheadsize=\dimen256
\c@nlinenum=\count307
\TeXr@lab=\toks36
)
(/Users/pablogomez/Library/TinyTeX/texmf-dist/tex/latex/l3backend/l3backend-pdf
tex.def
File: l3backend-pdftex.def 2021-08-04 L3 backend support: PDF output (pdfTeX)
\l__color_backend_stack_int=\count308
\l__pdf_internal_box=\box72
) (./BF_Analyses_4_final.aux)
\openout1 = `BF_Analyses_4_final.aux'.

LaTeX Font Info:    Checking defaults for OML/cmm/m/it on input line 137.
LaTeX Font Info:    ... okay on input line 137.
LaTeX Font Info:    Checking defaults for OMS/cmsy/m/n on input line 137.
LaTeX Font Info:    ... okay on input line 137.
LaTeX Font Info:    Checking defaults for OT1/cmr/m/n on input line 137.
LaTeX Font Info:    ... okay on input line 137.
LaTeX Font Info:    Checking defaults for T1/cmr/m/n on input line 137.
LaTeX Font Info:    ... okay on input line 137.
LaTeX Font Info:    Checking defaults for TS1/cmr/m/n on input line 137.
LaTeX Font Info:    ... okay on input line 137.
LaTeX Font Info:    Checking defaults for OMX/cmex/m/n on input line 137.
LaTeX Font Info:    ... okay on input line 137.
LaTeX Font Info:    Checking defaults for U/cmr/m/n on input line 137.
LaTeX Font Info:    ... okay on input line 137.
LaTeX Font Info:    Checking defaults for PD1/pdf/m/n on input line 137.
LaTeX Font Info:    ... okay on input line 137.
LaTeX Font Info:    Checking defaults for PU/pdf/m/n on input line 137.
LaTeX Font Info:    ... okay on input line 137.
LaTeX Info: Redefining \microtypecontext on input line 137.
Package microtype Info: Generating PDF output.
Package microtype Info: Character protrusion enabled (level 2).
Package microtype Info: Using protrusion set `basicmath'.
Package microtype Info: Automatic font expansion enabled (level 2),
(microtype)             stretch: 20, shrink: 20, step: 1, non-selected.
Package microtype Info: Using default expansion set `alltext-nott'.
LaTeX Info: Redefining \showhyphens on input line 137.
Package microtype Info: No adjustment of tracking.
Package microtype Info: No adjustment of interword spacing.
Package microtype Info: No adjustment of character kerning.
(/Users/pablogomez/Library/TinyTeX/texmf-dist/tex/latex/microtype/mt-cmr.cfg
File: mt-cmr.cfg 2013/05/19 v2.2 microtype config. file: Computer Modern Roman 
(RS)
)
Package hyperref Info: Link coloring OFF on input line 137.
(/Users/pablogomez/Library/TinyTeX/texmf-dist/tex/latex/hyperref/nameref.sty
Package: nameref 2021-04-02 v2.47 Cross-referencing by name of section
(/Users/pablogomez/Library/TinyTeX/texmf-dist/tex/latex/refcount/refcount.sty
Package: refcount 2019/12/15 v3.6 Data extraction from label references (HO)
)
(/Users/pablogomez/Library/TinyTeX/texmf-dist/tex/generic/gettitlestring/gettit
lestring.sty
Package: gettitlestring 2019/12/15 v1.6 Cleanup title references (HO)
)
\c@section@level=\count309
)
LaTeX Info: Redefining \ref on input line 137.
LaTeX Info: Redefining \pageref on input line 137.
LaTeX Info: Redefining \nameref on input line 137.
(./BF_Analyses_4_final.out) (./BF_Analyses_4_final.out)
\@outlinefile=\write4
\openout4 = `BF_Analyses_4_final.out'.

*geometry* driver: auto-detecting
*geometry* detected driver: pdftex
*geometry* verbose mode - [ preamble ] result:
* driver: pdftex
* paper: <default>
* layout: <same size as paper>
* layoutoffset:(h,v)=(0.0pt,0.0pt)
* modes: 
* h-part:(L,W,R)=(72.26999pt, 469.75502pt, 72.26999pt)
* v-part:(T,H,B)=(72.26999pt, 650.43001pt, 72.26999pt)
* \paperwidth=614.295pt
* \paperheight=794.96999pt
* \textwidth=469.75502pt
* \textheight=650.43001pt
* \oddsidemargin=0.0pt
* \evensidemargin=0.0pt
* \topmargin=-37.0pt
* \headheight=12.0pt
* \headsep=25.0pt
* \topskip=10.0pt
* \footskip=30.0pt
* \marginparwidth=65.0pt
* \marginparsep=11.0pt
* \columnsep=10.0pt
* \skip\footins=9.0pt plus 4.0pt minus 2.0pt
* \hoffset=0.0pt
* \voffset=0.0pt
* \mag=1000
* \@twocolumnfalse
* \@twosidefalse
* \@mparswitchfalse
* \@reversemarginfalse
* (1in=72.27pt=25.4mm, 1cm=28.453pt)


(/Users/pablogomez/Library/TinyTeX/texmf-dist/tex/latex/epstopdf-pkg/epstopdf-b
ase.sty
Package: epstopdf-base 2020-01-24 v2.11 Base part for package epstopdf
Package epstopdf-base Info: Redefining graphics rule for `.eps' on input line 4
85.

(/Users/pablogomez/Library/TinyTeX/texmf-dist/tex/latex/latexconfig/epstopdf-sy
s.cfg
File: epstopdf-sys.cfg 2010/07/13 v1.3 Configuration of (r)epstopdf for TeX Liv
e
))
LaTeX Font Info:    Trying to load font information for OT1+lmr on input line 1
39.
(/Users/pablogomez/Library/TinyTeX/texmf-dist/tex/latex/lm/ot1lmr.fd
File: ot1lmr.fd 2015/05/01 v1.6.1 Font defs for Latin Modern
)
LaTeX Font Info:    Trying to load font information for OML+lmm on input line 1
39.
(/Users/pablogomez/Library/TinyTeX/texmf-dist/tex/latex/lm/omllmm.fd
File: omllmm.fd 2015/05/01 v1.6.1 Font defs for Latin Modern
)
LaTeX Font Info:    Trying to load font information for OMS+lmsy on input line 
139.
(/Users/pablogomez/Library/TinyTeX/texmf-dist/tex/latex/lm/omslmsy.fd
File: omslmsy.fd 2015/05/01 v1.6.1 Font defs for Latin Modern
)
LaTeX Font Info:    Trying to load font information for OMX+lmex on input line 
139.
(/Users/pablogomez/Library/TinyTeX/texmf-dist/tex/latex/lm/omxlmex.fd
File: omxlmex.fd 2015/05/01 v1.6.1 Font defs for Latin Modern
)
LaTeX Font Info:    External font `lmex10' loaded for size
(Font)              <12> on input line 139.
LaTeX Font Info:    External font `lmex10' loaded for size
(Font)              <8> on input line 139.
LaTeX Font Info:    External font `lmex10' loaded for size
(Font)              <6> on input line 139.
LaTeX Font Info:    Trying to load font information for U+msa on input line 139
.
(/Users/pablogomez/Library/TinyTeX/texmf-dist/tex/latex/amsfonts/umsa.fd
File: umsa.fd 2013/01/14 v3.01 AMS symbols A
) (/Users/pablogomez/Library/TinyTeX/texmf-dist/tex/latex/microtype/mt-msa.cfg
File: mt-msa.cfg 2006/02/04 v1.1 microtype config. file: AMS symbols (a) (RS)
)
LaTeX Font Info:    Trying to load font information for U+msb on input line 139
.
(/Users/pablogomez/Library/TinyTeX/texmf-dist/tex/latex/amsfonts/umsb.fd
File: umsb.fd 2013/01/14 v3.01 AMS symbols B
) (/Users/pablogomez/Library/TinyTeX/texmf-dist/tex/latex/microtype/mt-msb.cfg
File: mt-msb.cfg 2005/06/01 v1.0 microtype config. file: AMS symbols (b) (RS)
)

Package xcolor Warning: Incompatible color definition on input line 143.

LaTeX Font Info:    Trying to load font information for T1+lmtt on input line 1
44.
(/Users/pablogomez/Library/TinyTeX/texmf-dist/tex/latex/lm/t1lmtt.fd
File: t1lmtt.fd 2015/05/01 v1.6.1 Font defs for Latin Modern
)
LaTeX Font Info:    Font shape `T1/lmtt/bx/n' in size <10> not available
(Font)              Font shape `T1/lmtt/b/n' tried instead on input line 145.

Package xcolor Warning: Incompatible color definition on input line 148.


Package xcolor Warning: Incompatible color definition on input line 148.


Package xcolor Warning: Incompatible color definition on input line 172.


Package xcolor Warning: Incompatible color definition on input line 176.


Package xcolor Warning: Incompatible color definition on input line 176.


Overfull \hbox (44.74348pt too wide) in paragraph at lines 192--192
[]\T1/lmtt/m/n/10 ## Suggestions and bug-reports can be submitted at: https://g
ithub.com/talgalili/dendextend/issues[] 
 []


Package xcolor Warning: Incompatible color definition on input line 205.


Package xcolor Warning: Incompatible color definition on input line 210.


Package xcolor Warning: Incompatible color definition on input line 210.


Package xcolor Warning: Incompatible color definition on input line 216.

[1

{/Users/pablogomez/Library/TinyTeX/texmf-var/fonts/map/pdftex/updmap/pdftex.map
}]

Package xcolor Warning: Incompatible color definition on input line 221.


Package xcolor Warning: Incompatible color definition on input line 221.


Package xcolor Warning: Incompatible color definition on input line 234.


Package xcolor Warning: Incompatible color definition on input line 243.


Package xcolor Warning: Incompatible color definition on input line 243.


Package xcolor Warning: Incompatible color definition on input line 250.


Package xcolor Warning: Incompatible color definition on input line 257.


Package xcolor Warning: Incompatible color definition on input line 257.


Package xcolor Warning: Incompatible color definition on input line 263.


Package xcolor Warning: Incompatible color definition on input line 267.


Package xcolor Warning: Incompatible color definition on input line 267.


Package xcolor Warning: Incompatible color definition on input line 284.


Package xcolor Warning: Incompatible color definition on input line 300.


Package xcolor Warning: Incompatible color definition on input line 300.


Package xcolor Warning: Incompatible color definition on input line 306.


Package xcolor Warning: Incompatible color definition on input line 314.


Package xcolor Warning: Incompatible color definition on input line 314.


Package xcolor Warning: Incompatible color definition on input line 314.

[2]

Package xcolor Warning: Incompatible color definition on input line 314.


Package xcolor Warning: Incompatible color definition on input line 314.


Package xcolor Warning: Incompatible color definition on input line 320.


Package xcolor Warning: Incompatible color definition on input line 326.


Package xcolor Warning: Incompatible color definition on input line 326.


Package xcolor Warning: Incompatible color definition on input line 336.


Package xcolor Warning: Incompatible color definition on input line 340.


Package xcolor Warning: Incompatible color definition on input line 340.


Package xcolor Warning: Incompatible color definition on input line 356.


Package xcolor Warning: Incompatible color definition on input line 368.


Package xcolor Warning: Incompatible color definition on input line 368.

LaTeX Font Info:    External font `lmex10' loaded for size
(Font)              <10> on input line 370.
LaTeX Font Info:    External font `lmex10' loaded for size
(Font)              <7> on input line 370.
LaTeX Font Info:    External font `lmex10' loaded for size
(Font)              <5> on input line 370.

Overfull \hbox (465.19946pt too wide) in paragraph at lines 370--427
[][] 
 []


Package xcolor Warning: Incompatible color definition on input line 428.

[3]

Package xcolor Warning: Incompatible color definition on input line 451.


Package xcolor Warning: Incompatible color definition on input line 451.


Package xcolor Warning: Incompatible color definition on input line 457.


Package xcolor Warning: Incompatible color definition on input line 465.


Package xcolor Warning: Incompatible color definition on input line 465.


Underfull \vbox (badness 10000) detected at line 465
 []


Package xcolor Warning: Incompatible color definition on input line 465.

[4]

Package xcolor Warning: Incompatible color definition on input line 465.


Package xcolor Warning: Incompatible color definition on input line 465.


Package xcolor Warning: Incompatible color definition on input line 471.


Package xcolor Warning: Incompatible color definition on input line 477.


Package xcolor Warning: Incompatible color definition on input line 477.


Package xcolor Warning: Incompatible color definition on input line 487.


Package xcolor Warning: Incompatible color definition on input line 491.


Package xcolor Warning: Incompatible color definition on input line 491.


Package xcolor Warning: Incompatible color definition on input line 507.


Package xcolor Warning: Incompatible color definition on input line 515.


Package xcolor Warning: Incompatible color definition on input line 515.


Overfull \hbox (465.19946pt too wide) in paragraph at lines 517--574
[][] 
 []


Package xcolor Warning: Incompatible color definition on input line 575.

[5]

Package xcolor Warning: Incompatible color definition on input line 582.


Package xcolor Warning: Incompatible color definition on input line 582.


Overfull \hbox (465.19946pt too wide) in paragraph at lines 584--641
[][] 
 []

[6]
LaTeX Font Info:    Trying to load font information for TS1+lmr on input line 6
47.
(/Users/pablogomez/Library/TinyTeX/texmf-dist/tex/latex/lm/ts1lmr.fd
File: ts1lmr.fd 2015/05/01 v1.6.1 Font defs for Latin Modern
) [7]

Package xcolor Warning: Incompatible color definition on input line 737.


Package xcolor Warning: Incompatible color definition on input line 762.


Package xcolor Warning: Incompatible color definition on input line 762.


Package xcolor Warning: Incompatible color definition on input line 769.


Package xcolor Warning: Incompatible color definition on input line 779.


Package xcolor Warning: Incompatible color definition on input line 779.

<BF_Analyses_4_final_files/figure-latex/Hierarchical clustering-1.pdf, id=71, 4
69.755pt x 325.215pt>
File: BF_Analyses_4_final_files/figure-latex/Hierarchical clustering-1.pdf Grap
hic file (type pdf)
<use BF_Analyses_4_final_files/figure-latex/Hierarchical clustering-1.pdf>
Package pdftex.def Info: BF_Analyses_4_final_files/figure-latex/Hierarchical cl
ustering-1.pdf  used on input line 781.
(pdftex.def)             Requested size: 469.75386pt x 325.2142pt.

Package xcolor Warning: Incompatible color definition on input line 783.

[8]

Package xcolor Warning: Incompatible color definition on input line 787.


Package xcolor Warning: Incompatible color definition on input line 787.


Package xcolor Warning: Incompatible color definition on input line 794.


Package xcolor Warning: Incompatible color definition on input line 809.


Package xcolor Warning: Incompatible color definition on input line 809.


Package xcolor Warning: Incompatible color definition on input line 816.


Package xcolor Warning: Incompatible color definition on input line 826.


Package xcolor Warning: Incompatible color definition on input line 826.

<BF_Analyses_4_final_files/figure-latex/Hierarchical clustering-2.pdf, id=76, 4
69.755pt x 325.215pt>
File: BF_Analyses_4_final_files/figure-latex/Hierarchical clustering-2.pdf Grap
hic file (type pdf)
<use BF_Analyses_4_final_files/figure-latex/Hierarchical clustering-2.pdf>
Package pdftex.def Info: BF_Analyses_4_final_files/figure-latex/Hierarchical cl
ustering-2.pdf  used on input line 828.
(pdftex.def)             Requested size: 469.75386pt x 325.2142pt.

Package xcolor Warning: Incompatible color definition on input line 830.

[9 <./BF_Analyses_4_final_files/figure-latex/Hierarchical clustering-1.pdf>]

Package xcolor Warning: Incompatible color definition on input line 838.


Package xcolor Warning: Incompatible color definition on input line 838.


Package xcolor Warning: Incompatible color definition on input line 848.


Package xcolor Warning: Incompatible color definition on input line 854.


Package xcolor Warning: Incompatible color definition on input line 854.

<BF_Analyses_4_final_files/figure-latex/Hierarchical clustering-3.pdf, id=86, 4
69.755pt x 325.215pt>
File: BF_Analyses_4_final_files/figure-latex/Hierarchical clustering-3.pdf Grap
hic file (type pdf)
<use BF_Analyses_4_final_files/figure-latex/Hierarchical clustering-3.pdf>
Package pdftex.def Info: BF_Analyses_4_final_files/figure-latex/Hierarchical cl
ustering-3.pdf  used on input line 856.
(pdftex.def)             Requested size: 469.75386pt x 325.2142pt.

Package xcolor Warning: Incompatible color definition on input line 858.

[10 <./BF_Analyses_4_final_files/figure-latex/Hierarchical clustering-2.pdf>]

Package xcolor Warning: Incompatible color definition on input line 868.


Package xcolor Warning: Incompatible color definition on input line 868.

<BF_Analyses_4_final_files/figure-latex/Hierarchical clustering-4.pdf, id=96, 4
69.755pt x 325.215pt>
File: BF_Analyses_4_final_files/figure-latex/Hierarchical clustering-4.pdf Grap
hic file (type pdf)
<use BF_Analyses_4_final_files/figure-latex/Hierarchical clustering-4.pdf>
Package pdftex.def Info: BF_Analyses_4_final_files/figure-latex/Hierarchical cl
ustering-4.pdf  used on input line 870.
(pdftex.def)             Requested size: 469.75386pt x 325.2142pt.

Package xcolor Warning: Incompatible color definition on input line 872.

[11 <./BF_Analyses_4_final_files/figure-latex/Hierarchical clustering-3.pdf>]

Package xcolor Warning: Incompatible color definition on input line 876.


Package xcolor Warning: Incompatible color definition on input line 876.


Package xcolor Warning: Incompatible color definition on input line 878.


Package xcolor Warning: Incompatible color definition on input line 884.


Package xcolor Warning: Incompatible color definition on input line 884.

<BF_Analyses_4_final_files/figure-latex/Dendrograms with color-1.pdf, id=106, 4
69.755pt x 325.215pt>
File: BF_Analyses_4_final_files/figure-latex/Dendrograms with color-1.pdf Graph
ic file (type pdf)
<use BF_Analyses_4_final_files/figure-latex/Dendrograms with color-1.pdf>
Package pdftex.def Info: BF_Analyses_4_final_files/figure-latex/Dendrograms wit
h color-1.pdf  used on input line 886.
(pdftex.def)             Requested size: 469.75386pt x 325.2142pt.

Package xcolor Warning: Incompatible color definition on input line 888.

[12 <./BF_Analyses_4_final_files/figure-latex/Hierarchical clustering-4.pdf>]

Package xcolor Warning: Incompatible color definition on input line 894.


Package xcolor Warning: Incompatible color definition on input line 894.

<BF_Analyses_4_final_files/figure-latex/Dendrograms with color-2.pdf, id=116, 4
69.755pt x 325.215pt>
File: BF_Analyses_4_final_files/figure-latex/Dendrograms with color-2.pdf Graph
ic file (type pdf)
<use BF_Analyses_4_final_files/figure-latex/Dendrograms with color-2.pdf>
Package pdftex.def Info: BF_Analyses_4_final_files/figure-latex/Dendrograms wit
h color-2.pdf  used on input line 896.
(pdftex.def)             Requested size: 469.75386pt x 325.2142pt.

Package xcolor Warning: Incompatible color definition on input line 898.

[13 <./BF_Analyses_4_final_files/figure-latex/Dendrograms with color-1.pdf>]

Package xcolor Warning: Incompatible color definition on input line 903.


Package xcolor Warning: Incompatible color definition on input line 903.

LaTeX Font Info:    Trying to load font information for T1+lmss on input line 9
09.
(/Users/pablogomez/Library/TinyTeX/texmf-dist/tex/latex/lm/t1lmss.fd
File: t1lmss.fd 2015/05/01 v1.6.1 Font defs for Latin Modern
)
Package microtype Info: Loading generic protrusion settings for font family
(microtype)             `lmss' (encoding: T1).
(microtype)             For optimal results, create family-specific settings.
(microtype)             See the microtype manual for details.
LaTeX Font Info:    Font shape `T1/lmss/m/it' in size <9> not available
(Font)              Font shape `T1/lmss/m/sl' tried instead on input line 909.

Overfull \hbox (443.74232pt too wide) in paragraph at lines 964--964
[]\T1/lmtt/m/n/10 a) Each position in the 2x3 matrix is a feature. That is, any
 two letters that share either a raised dot or a gap in a specific position, wo
uld share that            feature.[] 
 []

[14 <./BF_Analyses_4_final_files/figure-latex/Dendrograms with color-2.pdf>]
Overfull \hbox (338.74263pt too wide) in paragraph at lines 964--964
[]\T1/lmtt/m/n/10 c) There are more "abstract" features, related to the shapes 
that different combinations of dots make. Exploring the dentdrogram, these feat
ures could be:[] 
 []


Overfull \hbox (18.49356pt too wide) in paragraph at lines 964--964
[]    \T1/lmtt/m/n/10 - Vertical lines: in column 1 (dots 12, 23, or 123) and i
n column 2 (dots 45, 56, or 456)[] 
 []


Overfull \hbox (286.24278pt too wide) in paragraph at lines 964--964
[]    \T1/lmtt/m/n/10 - Gap in the bottom line: dots 36 are not raised (DIVIDES
 BASE PATTERNS (that only use the upper four dot positions) FROM THEIR DERIVATI
VES)[] 
 []


Overfull \hbox (128.74324pt too wide) in paragraph at lines 964--964
[]  \T1/lmtt/m/n/10 EXAMPLE:    | Pair | Verticalc1 | Verticalc2 | Horizontal1 
| Horizontal2 | Horizontal3 | GapMiddle | GapBottom |[] 
 []


Overfull \hbox (128.74324pt too wide) in paragraph at lines 964--964
[]              \T1/lmtt/m/n/10 -----------------------------------------------
-----------------------------------------------------[] 
 []


Overfull \hbox (128.74324pt too wide) in paragraph at lines 964--964
[]              \T1/lmtt/m/n/10 | b k  |     0      |     0      |      0      
|      0      |      0      |      0    |      0    |[] 
 []


Overfull \hbox (128.74324pt too wide) in paragraph at lines 964--964
[]              \T1/lmtt/m/n/10 -----------------------------------------------
-----------------------------------------------------[] 
 []


Overfull \hbox (128.74324pt too wide) in paragraph at lines 964--964
[]              \T1/lmtt/m/n/10 | b c  |     0      |     0      |      0      
|      0      |      0      |      0    |    2/4    |[] 
 []


Overfull \hbox (1073.7405pt too wide) in paragraph at lines 964--964
[]    \T1/lmtt/m/n/10 - Mirror letters: a letter can be a mirror (by horizontal
 or vertical planes) of other letter (e.g., vertical plane: d-f, e-i, h-j, r-w;
 horizontal plane:           m-u, n-z, p-v). A feature of a letter can be "is a
 mirror of other letter". (although it probably doesn't fulfill criteria c)[] 
 []


Overfull \hbox (13.24358pt too wide) in paragraph at lines 964--964
[]    \T1/lmtt/m/n/10 - Number of dots raised: the more dots a letter has raise
d, the more complex it becomes.[] 
 []


Package xcolor Warning: Incompatible color definition on input line 973.


Package xcolor Warning: Incompatible color definition on input line 1019.


Package xcolor Warning: Incompatible color definition on input line 1019.


Package xcolor Warning: Incompatible color definition on input line 1019.

[15]

Package xcolor Warning: Incompatible color definition on input line 1019.


Package xcolor Warning: Incompatible color definition on input line 1019.


Package xcolor Warning: Incompatible color definition on input line 1021.


Package xcolor Warning: Incompatible color definition on input line 1126.


Package xcolor Warning: Incompatible color definition on input line 1126.


Underfull \vbox (badness 10000) detected at line 1126
 []


Package xcolor Warning: Incompatible color definition on input line 1126.

[16]

Package xcolor Warning: Incompatible color definition on input line 1126.


Package xcolor Warning: Incompatible color definition on input line 1126.


Underfull \vbox (badness 10000) detected at line 1126
 []


Underfull \vbox (badness 10000) detected at line 1126
 []


Package xcolor Warning: Incompatible color definition on input line 1126.

[17]

Package xcolor Warning: Incompatible color definition on input line 1126.


Package xcolor Warning: Incompatible color definition on input line 1126.


Package xcolor Warning: Incompatible color definition on input line 1128.


Package xcolor Warning: Incompatible color definition on input line 1133.


Package xcolor Warning: Incompatible color definition on input line 1133.


Package xcolor Warning: Incompatible color definition on input line 1163.


Package xcolor Warning: Incompatible color definition on input line 1167.


Package xcolor Warning: Incompatible color definition on input line 1167.

[18]

Package xcolor Warning: Incompatible color definition on input line 1197.


Package xcolor Warning: Incompatible color definition on input line 1201.


Package xcolor Warning: Incompatible color definition on input line 1201.


Package xcolor Warning: Incompatible color definition on input line 1227.


Package xcolor Warning: Incompatible color definition on input line 1241.


Package xcolor Warning: Incompatible color definition on input line 1241.

[19]

Package xcolor Warning: Incompatible color definition on input line 1288.


Package xcolor Warning: Incompatible color definition on input line 1305.


Package xcolor Warning: Incompatible color definition on input line 1305.

[20]

Package xcolor Warning: Incompatible color definition on input line 1351.


Package xcolor Warning: Incompatible color definition on input line 1369.


Package xcolor Warning: Incompatible color definition on input line 1369.

[21]

Package xcolor Warning: Incompatible color definition on input line 1420.


Package xcolor Warning: Incompatible color definition on input line 1435.


Package xcolor Warning: Incompatible color definition on input line 1435.


Package xcolor Warning: Incompatible color definition on input line 1449.

[22]

Package xcolor Warning: Incompatible color definition on input line 1459.


Package xcolor Warning: Incompatible color definition on input line 1459.


Package xcolor Warning: Incompatible color definition on input line 1468.


Package xcolor Warning: Incompatible color definition on input line 1472.


Package xcolor Warning: Incompatible color definition on input line 1472.


Package xcolor Warning: Incompatible color definition on input line 1484.


Package xcolor Warning: Incompatible color definition on input line 1488.


Package xcolor Warning: Incompatible color definition on input line 1488.


Package xcolor Warning: Incompatible color definition on input line 1497.


Package xcolor Warning: Incompatible color definition on input line 1501.


Package xcolor Warning: Incompatible color definition on input line 1501.


Package xcolor Warning: Incompatible color definition on input line 1513.


Package xcolor Warning: Incompatible color definition on input line 1517.


Package xcolor Warning: Incompatible color definition on input line 1517.


Package xcolor Warning: Incompatible color definition on input line 1526.


Package xcolor Warning: Incompatible color definition on input line 1530.


Package xcolor Warning: Incompatible color definition on input line 1530.

[23]

Package xcolor Warning: Incompatible color definition on input line 1542.


Package xcolor Warning: Incompatible color definition on input line 1548.


Package xcolor Warning: Incompatible color definition on input line 1548.


Package xcolor Warning: Incompatible color definition on input line 1550.


Package xcolor Warning: Incompatible color definition on input line 1563.


Package xcolor Warning: Incompatible color definition on input line 1563.


Package xcolor Warning: Incompatible color definition on input line 1569.


Package xcolor Warning: Incompatible color definition on input line 1573.


Package xcolor Warning: Incompatible color definition on input line 1573.

[24]

Package xcolor Warning: Incompatible color definition on input line 1623.


Package xcolor Warning: Incompatible color definition on input line 1636.


Package xcolor Warning: Incompatible color definition on input line 1636.


Package xcolor Warning: Incompatible color definition on input line 1642.


Package xcolor Warning: Incompatible color definition on input line 1646.


Package xcolor Warning: Incompatible color definition on input line 1646.

[25]

Package xcolor Warning: Incompatible color definition on input line 1695.


Package xcolor Warning: Incompatible color definition on input line 1708.


Package xcolor Warning: Incompatible color definition on input line 1708.


Package xcolor Warning: Incompatible color definition on input line 1714.


Package xcolor Warning: Incompatible color definition on input line 1718.


Package xcolor Warning: Incompatible color definition on input line 1718.

[26]

Package xcolor Warning: Incompatible color definition on input line 1772.


Package xcolor Warning: Incompatible color definition on input line 1782.


Package xcolor Warning: Incompatible color definition on input line 1782.


Package xcolor Warning: Incompatible color definition on input line 1796.


Package xcolor Warning: Incompatible color definition on input line 1806.


Package xcolor Warning: Incompatible color definition on input line 1806.


Overfull \hbox (13.24358pt too wide) in paragraph at lines 1813--1813
[]\T1/lmtt/m/n/10 ## Warning: Can't compute random effect variances. Some varia
nce components equal zero. Your[] 
 []


Overfull \hbox (2.7436pt too wide) in paragraph at lines 1817--1817
[]\T1/lmtt/m/n/10 ## Random effect variances not available. Returned R2 does no
t account for random effects.[] 
 []

[27]

Package xcolor Warning: Incompatible color definition on input line 1826.


Package xcolor Warning: Incompatible color definition on input line 1830.


Package xcolor Warning: Incompatible color definition on input line 1830.


Overfull \hbox (13.24358pt too wide) in paragraph at lines 1837--1837
[]\T1/lmtt/m/n/10 ## Warning: Can't compute random effect variances. Some varia
nce components equal zero. Your[] 
 []


Overfull \hbox (13.24358pt too wide) in paragraph at lines 1848--1848
[]\T1/lmtt/m/n/10 ## Warning: Can't compute random effect variances. Some varia
nce components equal zero. Your[] 
 []


Package xcolor Warning: Incompatible color definition on input line 1860.


Package xcolor Warning: Incompatible color definition on input line 1864.


Package xcolor Warning: Incompatible color definition on input line 1864.


Overfull \hbox (13.24358pt too wide) in paragraph at lines 1871--1871
[]\T1/lmtt/m/n/10 ## Warning: Can't compute random effect variances. Some varia
nce components equal zero. Your[] 
 []


Overfull \hbox (2.7436pt too wide) in paragraph at lines 1875--1875
[]\T1/lmtt/m/n/10 ## Random effect variances not available. Returned R2 does no
t account for random effects.[] 
 []


Package xcolor Warning: Incompatible color definition on input line 1884.


Package xcolor Warning: Incompatible color definition on input line 1888.


Package xcolor Warning: Incompatible color definition on input line 1888.


Overfull \hbox (13.24358pt too wide) in paragraph at lines 1895--1895
[]\T1/lmtt/m/n/10 ## Warning: Can't compute random effect variances. Some varia
nce components equal zero. Your[] 
 []


Overfull \hbox (13.24358pt too wide) in paragraph at lines 1906--1906
[]\T1/lmtt/m/n/10 ## Warning: Can't compute random effect variances. Some varia
nce components equal zero. Your[] 
 []

[28]

Package xcolor Warning: Incompatible color definition on input line 1918.


Package xcolor Warning: Incompatible color definition on input line 1922.


Package xcolor Warning: Incompatible color definition on input line 1922.


Overfull \hbox (13.24358pt too wide) in paragraph at lines 1929--1929
[]\T1/lmtt/m/n/10 ## Warning: Can't compute random effect variances. Some varia
nce components equal zero. Your[] 
 []


Overfull \hbox (2.7436pt too wide) in paragraph at lines 1933--1933
[]\T1/lmtt/m/n/10 ## Random effect variances not available. Returned R2 does no
t account for random effects.[] 
 []


Package xcolor Warning: Incompatible color definition on input line 1942.


Package xcolor Warning: Incompatible color definition on input line 1946.


Package xcolor Warning: Incompatible color definition on input line 1946.


Overfull \hbox (13.24358pt too wide) in paragraph at lines 1953--1953
[]\T1/lmtt/m/n/10 ## Warning: Can't compute random effect variances. Some varia
nce components equal zero. Your[] 
 []


Overfull \hbox (13.24358pt too wide) in paragraph at lines 1964--1964
[]\T1/lmtt/m/n/10 ## Warning: Can't compute random effect variances. Some varia
nce components equal zero. Your[] 
 []


Package xcolor Warning: Incompatible color definition on input line 1990.


Package xcolor Warning: Incompatible color definition on input line 2025.


Package xcolor Warning: Incompatible color definition on input line 2025.


Overfull \vbox (1.87842pt too high) detected at line 2025
 []


Package xcolor Warning: Incompatible color definition on input line 2025.

[29]

Package xcolor Warning: Incompatible color definition on input line 2025.


Package xcolor Warning: Incompatible color definition on input line 2025.

<BF_Analyses_4_final_files/figure-latex/unnamed-chunk-1-1.pdf, id=206, 469.755p
t x 325.215pt>
File: BF_Analyses_4_final_files/figure-latex/unnamed-chunk-1-1.pdf Graphic file
 (type pdf)
<use BF_Analyses_4_final_files/figure-latex/unnamed-chunk-1-1.pdf>
Package pdftex.def Info: BF_Analyses_4_final_files/figure-latex/unnamed-chunk-1
-1.pdf  used on input line 2031.
(pdftex.def)             Requested size: 469.75386pt x 325.2142pt.

Package xcolor Warning: Incompatible color definition on input line 2033.


Package xcolor Warning: Incompatible color definition on input line 2048.


Package xcolor Warning: Incompatible color definition on input line 2048.


Underfull \vbox (badness 1281) detected at line 2048
 []


Package xcolor Warning: Incompatible color definition on input line 2048.

[30 <./BF_Analyses_4_final_files/figure-latex/unnamed-chunk-1-1.pdf>]

Package xcolor Warning: Incompatible color definition on input line 2048.


Package xcolor Warning: Incompatible color definition on input line 2048.

<BF_Analyses_4_final_files/figure-latex/unnamed-chunk-1-2.pdf, id=216, 469.755p
t x 325.215pt>
File: BF_Analyses_4_final_files/figure-latex/unnamed-chunk-1-2.pdf Graphic file
 (type pdf)
<use BF_Analyses_4_final_files/figure-latex/unnamed-chunk-1-2.pdf>
Package pdftex.def Info: BF_Analyses_4_final_files/figure-latex/unnamed-chunk-1
-2.pdf  used on input line 2054.
(pdftex.def)             Requested size: 469.75386pt x 325.2142pt.

Package xcolor Warning: Incompatible color definition on input line 2056.


Package xcolor Warning: Incompatible color definition on input line 2066.


Package xcolor Warning: Incompatible color definition on input line 2066.

<BF_Analyses_4_final_files/figure-latex/unnamed-chunk-1-3.pdf, id=217, 469.755p
t x 325.215pt>
File: BF_Analyses_4_final_files/figure-latex/unnamed-chunk-1-3.pdf Graphic file
 (type pdf)
<use BF_Analyses_4_final_files/figure-latex/unnamed-chunk-1-3.pdf>
Package pdftex.def Info: BF_Analyses_4_final_files/figure-latex/unnamed-chunk-1
-3.pdf  used on input line 2072.
(pdftex.def)             Requested size: 469.75386pt x 325.2142pt.

Package xcolor Warning: Incompatible color definition on input line 2074.

[31 <./BF_Analyses_4_final_files/figure-latex/unnamed-chunk-1-2.pdf>]

Package xcolor Warning: Incompatible color definition on input line 2078.


Package xcolor Warning: Incompatible color definition on input line 2078.

[32 <./BF_Analyses_4_final_files/figure-latex/unnamed-chunk-1-3.pdf>] (./BF_Ana
lyses_4_final.aux)
Package rerunfilecheck Info: File `BF_Analyses_4_final.out' has not changed.
(rerunfilecheck)             Checksum: 72C5592628EF536C64FE4A55DC2B4987;1445.
 ) 
Here is how much of TeX's memory you used:
 14667 strings out of 480559
 224569 string characters out of 5902199
 698091 words of memory out of 5000000
 31840 multiletter control sequences out of 15000+600000
 473073 words of font info for 125 fonts, out of 8000000 for 9000
 14 hyphenation exceptions out of 8191
 60i,7n,66p,1309b,538s stack positions out of 5000i,500n,10000p,200000b,80000s
{/Users/pablogomez/Library/TinyTeX/texmf-dist/fonts/enc/dvips/lm/lm-ec.enc}{/
Users/pablogomez/Library/TinyTeX/texmf-dist/fonts/enc/dvips/lm/lm-ts1.enc}</Use
rs/pablogomez/Library/TinyTeX/texmf-dist/fonts/type1/public/lm/lmbx10.pfb></Use
rs/pablogomez/Library/TinyTeX/texmf-dist/fonts/type1/public/lm/lmbx12.pfb></Use
rs/pablogomez/Library/TinyTeX/texmf-dist/fonts/type1/public/lm/lmr10.pfb></User
s/pablogomez/Library/TinyTeX/texmf-dist/fonts/type1/public/lm/lmr12.pfb></Users
/pablogomez/Library/TinyTeX/texmf-dist/fonts/type1/public/lm/lmr17.pfb></Users/
pablogomez/Library/TinyTeX/texmf-dist/fonts/type1/public/lm/lmri10.pfb></Users/
pablogomez/Library/TinyTeX/texmf-dist/fonts/type1/public/lm/lmssbx10.pfb></User
s/pablogomez/Library/TinyTeX/texmf-dist/fonts/type1/public/lm/lmsso9.pfb></User
s/pablogomez/Library/TinyTeX/texmf-dist/fonts/type1/public/lm/lmtk10.pfb></User
s/pablogomez/Library/TinyTeX/texmf-dist/fonts/type1/public/lm/lmtt10.pfb></User
s/pablogomez/Library/TinyTeX/texmf-dist/fonts/type1/public/lm/lmtti10.pfb>
Output written on BF_Analyses_4_final.pdf (32 pages, 439610 bytes).
PDF statistics:
 302 PDF objects out of 1000 (max. 8388607)
 224 compressed objects within 3 object streams
 45 named destinations out of 1000 (max. 500000)
 41054 words of extra memory for PDF output out of 42996 (max. 10000000)

